{
  "RSpec": {
    "coverage": {
      "/Users/l/rp/final_exam1/spec/controllers/auctions_controller_spec.rb": [
        1,
        null,
        1,
        null,
        22,
        22,
        null,
        1,
        1,
        1,
        1,
        null,
        1,
        1,
        1,
        1,
        null,
        1,
        1,
        1,
        null,
        1,
        7,
        1,
        1,
        null,
        null,
        null,
        1,
        1,
        1,
        1,
        null,
        1,
        1,
        1,
        null,
        null,
        null,
        1,
        1,
        1,
        3,
        null,
        1,
        4,
        null,
        1,
        1,
        1,
        null,
        1,
        1,
        1,
        null,
        null,
        1,
        1,
        2,
        null,
        1,
        4,
        null,
        1,
        1,
        1,
        null,
        null,
        null,
        null,
        1,
        3,
        1,
        1,
        1,
        null,
        1,
        1,
        1,
        null,
        null,
        null,
        1,
        2,
        1,
        1,
        1,
        null,
        null,
        null,
        1,
        5,
        1,
        3,
        null,
        1,
        1,
        1,
        1,
        null,
        1,
        1,
        1,
        null,
        1,
        1,
        1,
        null,
        1,
        1,
        1,
        null,
        null,
        null,
        1,
        4,
        1,
        3,
        null,
        1,
        4,
        null,
        1,
        1,
        1,
        null,
        1,
        1,
        1,
        null,
        null,
        null,
        null
      ],
      "/Users/l/rp/final_exam1/spec/rails_helper.rb": [
        null,
        1,
        1,
        1,
        1,
        null,
        null,
        null,
        null,
        null,
        null,
        null,
        null,
        null,
        null,
        null,
        null,
        null,
        null,
        null,
        null,
        null,
        null,
        null,
        null,
        1,
        1,
        1,
        null,
        1,
        null,
        1,
        1,
        null,
        null,
        null,
        1,
        null,
        null,
        null,
        null,
        null,
        null,
        null,
        null,
        null,
        null,
        null,
        null,
        null,
        null,
        1,
        null
      ],
      "/Users/l/rp/final_exam1/app/controllers/auctions_controller.rb": [
        1,
        null,
        1,
        1,
        null,
        1,
        6,
        null,
        null,
        1,
        4,
        null,
        null,
        1,
        7,
        7,
        4,
        4,
        null,
        3,
        3,
        null,
        null,
        null,
        1,
        6,
        6,
        6,
        null,
        null,
        null,
        1,
        null,
        null,
        null,
        null,
        1,
        4,
        3,
        null,
        1,
        1,
        null,
        null,
        null,
        1,
        3,
        3,
        null,
        0,
        0,
        null,
        null,
        null,
        1,
        0,
        0,
        0,
        null,
        0,
        null,
        null,
        null,
        1,
        0,
        0,
        0,
        0,
        null,
        0,
        null,
        null,
        null,
        null,
        null,
        null,
        null,
        null,
        null,
        null,
        null,
        null,
        null,
        null,
        null,
        null,
        null,
        1,
        1,
        11,
        null,
        1,
        null,
        8,
        8,
        null,
        null
      ],
      "/Users/l/rp/final_exam1/app/controllers/application_controller.rb": [
        1,
        null,
        null,
        1,
        1,
        null,
        1,
        null,
        0,
        null,
        0,
        null,
        null
      ],
      "/Users/l/rp/final_exam1/spec/controllers/bids_controller_spec.rb": [
        1,
        null,
        1,
        10,
        10,
        10,
        null,
        1,
        1,
        1,
        2,
        null,
        1,
        2,
        null,
        1,
        1,
        4,
        null,
        1,
        1,
        1,
        1,
        null,
        null,
        null,
        1,
        1,
        4,
        null,
        1,
        1,
        1,
        2,
        null,
        1,
        1,
        1,
        2,
        null,
        1,
        1,
        1,
        1,
        null,
        1,
        1,
        1,
        null,
        null,
        null,
        null,
        null,
        null,
        null,
        null,
        null,
        null,
        null,
        null,
        null,
        null,
        null,
        null,
        null,
        1,
        4,
        1,
        3,
        null,
        1,
        4,
        null,
        1,
        1,
        1,
        null,
        1,
        1,
        1,
        null,
        null,
        null,
        null
      ],
      "/Users/l/rp/final_exam1/app/controllers/bids_controller.rb": [
        1,
        null,
        1,
        1,
        10,
        10,
        10,
        10,
        10,
        7,
        14,
        7,
        null,
        3,
        2,
        1,
        null,
        4,
        2,
        null,
        null,
        null,
        null,
        null,
        1,
        3,
        3,
        3,
        3,
        0,
        null,
        3,
        null,
        0,
        0,
        null,
        null,
        null,
        1,
        1,
        10,
        null,
        1,
        10,
        null,
        null
      ],
      "/Users/l/rp/final_exam1/spec/features/creating_auctions_spec.rb": [
        1,
        1,
        1,
        3,
        1,
        null,
        3,
        null,
        1,
        1,
        1,
        1,
        1,
        1,
        1,
        1,
        null,
        null,
        1,
        1,
        1,
        1,
        1,
        null,
        1,
        1,
        null,
        null
      ],
      "/Users/l/rp/final_exam1/spec/features/creating_bids_spec.rb": [
        1,
        null,
        3,
        3,
        2,
        null,
        1,
        1,
        1,
        1,
        1,
        1,
        null,
        1,
        1,
        1,
        1,
        1,
        null,
        1,
        1,
        null,
        null
      ],
      "/Users/l/rp/final_exam1/spec/helpers/bids_helper_spec.rb": [
        1,
        null,
        null,
        null,
        null,
        null,
        null,
        null,
        null,
        null,
        null,
        null,
        1,
        1,
        null
      ],
      "/Users/l/rp/final_exam1/spec/helpers/profiles_helper_spec.rb": [
        1,
        null,
        null,
        null,
        null,
        null,
        null,
        null,
        null,
        null,
        null,
        null,
        1,
        1,
        null
      ],
      "/Users/l/rp/final_exam1/spec/helpers/welcome_helper_spec.rb": [
        1,
        null,
        null,
        null,
        null,
        null,
        null,
        null,
        null,
        null,
        null,
        null,
        1,
        1,
        null
      ],
      "/Users/l/rp/final_exam1/spec/models/auction_spec.rb": [
        1,
        null,
        1,
        1,
        1,
        3,
        null,
        1,
        1,
        null,
        null,
        1,
        1,
        null,
        null,
        1,
        1,
        null,
        null,
        1,
        1,
        14,
        null,
        1,
        1,
        null,
        null,
        1,
        1,
        null,
        null,
        null,
        null
      ],
      "/Users/l/rp/final_exam1/app/models/auction.rb": [
        1,
        1,
        1,
        1,
        1,
        1,
        1,
        1,
        null,
        1,
        1,
        1,
        null,
        1,
        1,
        null,
        null,
        null,
        1,
        1,
        98,
        null,
        null,
        null,
        null,
        null,
        null,
        null
      ],
      "/Users/l/rp/final_exam1/spec/models/bid_spec.rb": [
        1,
        null,
        1,
        null,
        1,
        1,
        2,
        null,
        1,
        1,
        null,
        1,
        1,
        null,
        null,
        null,
        1,
        1,
        1,
        1,
        1,
        null,
        null,
        1,
        7,
        1,
        null,
        null,
        null,
        null
      ],
      "/Users/l/rp/final_exam1/app/models/bid.rb": [
        1,
        null,
        1,
        1,
        1,
        1,
        null,
        null,
        null,
        null,
        null,
        null,
        null,
        null,
        null,
        null,
        null,
        null,
        null,
        null,
        null,
        null,
        null,
        null,
        null,
        null,
        null,
        null,
        null,
        null,
        null,
        null,
        null,
        null,
        null,
        null,
        null,
        null,
        null,
        null,
        null
      ],
      "/Users/l/rp/final_exam1/spec/models/user_spec.rb": [
        1,
        null,
        1,
        1,
        null
      ]
    },
    "timestamp": 1422049006
  }
}
